<?xml version="1.0" encoding="UTF-8"?>
<testsuite xmlns:xsi="http://www.w3.org/2001/XMLSchema-instance" xsi:noNamespaceSchemaLocation="https://maven.apache.org/surefire/maven-surefire-plugin/xsd/surefire-test-report.xsd" version="3.0.2" name="TestSuite" time="25.71" tests="2" errors="0" skipped="0" failures="0">
  <properties>
[...]
</properties>
  <testcase name="verify_account_registration" classname="testCases.TC001_AccountRegistrationTest" time="4.135">
    <system-out><![CDATA[2025-09-22T20:07:38.340597300Z main INFO Starting configuration XmlConfiguration[location=G:\myworkspace\opencartV121\target\test-classes\log4j2.xml, lastModified=2025-09-01T19:30:56.575Z]...
2025-09-22T20:07:38.346601300Z main INFO Start watching for changes to G:\myworkspace\opencartV121\target\test-classes\log4j2.xml every 0 seconds
2025-09-22T20:07:38.347606200Z main INFO Configuration XmlConfiguration[location=G:\myworkspace\opencartV121\target\test-classes\log4j2.xml, lastModified=2025-09-01T19:30:56.575Z] started.
2025-09-22T20:07:38.354595700Z main INFO Stopping configuration org.apache.logging.log4j.core.config.DefaultConfiguration@79b06cab...
2025-09-22T20:07:38.356598100Z main INFO Configuration org.apache.logging.log4j.core.config.DefaultConfiguration@79b06cab stopped.
]]></system-out>
    <system-err><![CDATA[Sep 23, 2025 1:37:43 AM org.openqa.selenium.devtools.CdpVersionFinder findNearestMatch
WARNING: Unable to find an exact match for CDP version 140, returning the closest version; found: 137; Please update to a Selenium version that supports CDP version 140
]]></system-err>
  </testcase>
  <testcase name="verifyLogin" classname="testCases.TC002_AccountLogin" time="3.539">
    <system-err><![CDATA[Sep 23, 2025 1:37:53 AM org.openqa.selenium.devtools.CdpVersionFinder findNearestMatch
WARNING: Unable to find an exact match for CDP version 140, returning the closest version; found: 137; Please update to a Selenium version that supports CDP version 140
]]></system-err>
  </testcase>
</testsuite>